Copyright 1986-2020 Xilinx, Inc. All Rights Reserved.
-----------------------------------------------------------------------------------------------------------------------------
| Tool Version : Vivado v.2020.1 (win64) Build 2902540 Wed May 27 19:54:49 MDT 2020
| Date         : Wed Jun 30 10:44:22 2021
| Host         : SEED-LAB-DLT running 64-bit major release  (build 9200)
| Command      : report_utilization -file design_1_wrapper_utilization_placed.rpt -pb design_1_wrapper_utilization_placed.pb
| Design       : design_1_wrapper
| Device       : xczu7evffvc1156-2
| Design State : Fully Placed
-----------------------------------------------------------------------------------------------------------------------------

Utilization Design Information

Table of Contents
-----------------
1. CLB Logic
1.1 Summary of Registers by Type
2. CLB Logic Distribution
3. BLOCKRAM
4. ARITHMETIC
5. I/O
6. CLOCK
7. ADVANCED
8. CONFIGURATION
9. Primitives
10. Black Boxes
11. Instantiated Netlists

1. CLB Logic
------------

+----------------------------+-------+-------+-----------+-------+
|          Site Type         |  Used | Fixed | Available | Util% |
+----------------------------+-------+-------+-----------+-------+
| CLB LUTs                   | 15496 |     0 |    230400 |  6.73 |
|   LUT as Logic             | 14655 |     0 |    230400 |  6.36 |
|   LUT as Memory            |   841 |     0 |    101760 |  0.83 |
|     LUT as Distributed RAM |   722 |     0 |           |       |
|     LUT as Shift Register  |   119 |     0 |           |       |
| CLB Registers              | 14203 |     0 |    460800 |  3.08 |
|   Register as Flip Flop    | 13947 |     0 |    460800 |  3.03 |
|   Register as Latch        |   256 |     0 |    460800 |  0.06 |
| CARRY8                     |   210 |     0 |     28800 |  0.73 |
| F7 Muxes                   |    17 |     0 |    115200 |  0.01 |
| F8 Muxes                   |     0 |     0 |     57600 |  0.00 |
| F9 Muxes                   |     0 |     0 |     28800 |  0.00 |
+----------------------------+-------+-------+-----------+-------+


1.1 Summary of Registers by Type
--------------------------------

+-------+--------------+-------------+--------------+
| Total | Clock Enable | Synchronous | Asynchronous |
+-------+--------------+-------------+--------------+
| 0     |            _ |           - |            - |
| 0     |            _ |           - |          Set |
| 0     |            _ |           - |        Reset |
| 0     |            _ |         Set |            - |
| 0     |            _ |       Reset |            - |
| 0     |          Yes |           - |            - |
| 66    |          Yes |           - |          Set |
| 394   |          Yes |           - |        Reset |
| 336   |          Yes |         Set |            - |
| 13407 |          Yes |       Reset |            - |
+-------+--------------+-------------+--------------+


2. CLB Logic Distribution
-------------------------

+--------------------------------------------+-------+-------+-----------+-------+
|                  Site Type                 |  Used | Fixed | Available | Util% |
+--------------------------------------------+-------+-------+-----------+-------+
| CLB                                        |  3893 |     0 |     28800 | 13.52 |
|   CLBL                                     |  1974 |     0 |           |       |
|   CLBM                                     |  1919 |     0 |           |       |
| LUT as Logic                               | 14655 |     0 |    230400 |  6.36 |
|   using O5 output only                     |   631 |       |           |       |
|   using O6 output only                     | 12915 |       |           |       |
|   using O5 and O6                          |  1109 |       |           |       |
| LUT as Memory                              |   841 |     0 |    101760 |  0.83 |
|   LUT as Distributed RAM                   |   722 |     0 |           |       |
|     using O5 output only                   |     0 |       |           |       |
|     using O6 output only                   |     2 |       |           |       |
|     using O5 and O6                        |   720 |       |           |       |
|   LUT as Shift Register                    |   119 |     0 |           |       |
|     using O5 output only                   |     0 |       |           |       |
|     using O6 output only                   |   106 |       |           |       |
|     using O5 and O6                        |    13 |       |           |       |
| CLB Registers                              | 14203 |     0 |    460800 |  3.08 |
|   Register driven from within the CLB      |  8767 |       |           |       |
|   Register driven from outside the CLB     |  5436 |       |           |       |
|     LUT in front of the register is unused |  3472 |       |           |       |
|     LUT in front of the register is used   |  1964 |       |           |       |
| Unique Control Sets                        |   557 |       |     57600 |  0.97 |
+--------------------------------------------+-------+-------+-----------+-------+
* * Note: Available Control Sets calculated as Slices * 2, Review the Control Sets Report for more information regarding control sets.


3. BLOCKRAM
-----------

+-------------------+------+-------+-----------+-------+
|     Site Type     | Used | Fixed | Available | Util% |
+-------------------+------+-------+-----------+-------+
| Block RAM Tile    |  121 |     0 |       312 | 38.78 |
|   RAMB36/FIFO*    |  120 |     0 |       312 | 38.46 |
|     RAMB36E2 only |  120 |       |           |       |
|   RAMB18          |    2 |     0 |       624 |  0.32 |
|     RAMB18E2 only |    2 |       |           |       |
| URAM              |   20 |     0 |        96 | 20.83 |
+-------------------+------+-------+-----------+-------+
* Note: Each Block RAM Tile only has one FIFO logic available and therefore can accommodate only one FIFO36E2 or one FIFO18E2. However, if a FIFO18E2 occupies a Block RAM Tile, that tile can still accommodate a RAMB18E2


4. ARITHMETIC
-------------

+-----------+------+-------+-----------+-------+
| Site Type | Used | Fixed | Available | Util% |
+-----------+------+-------+-----------+-------+
| DSPs      |    0 |     0 |      1728 |  0.00 |
+-----------+------+-------+-----------+-------+


5. I/O
------

+------------------+------+-------+-----------+-------+
|     Site Type    | Used | Fixed | Available | Util% |
+------------------+------+-------+-----------+-------+
| Bonded IOB       |    0 |     0 |       360 |  0.00 |
| HPIOB_M          |    0 |     0 |       144 |  0.00 |
| HPIOB_S          |    0 |     0 |       144 |  0.00 |
| HDIOB_M          |    0 |     0 |        24 |  0.00 |
| HDIOB_S          |    0 |     0 |        24 |  0.00 |
| HPIOB_SNGL       |    0 |     0 |        24 |  0.00 |
| HPIOBDIFFINBUF   |    0 |     0 |       192 |  0.00 |
| HPIOBDIFFOUTBUF  |    0 |     0 |       192 |  0.00 |
| HDIOBDIFFINBUF   |    0 |     0 |        48 |  0.00 |
| BITSLICE_CONTROL |    0 |     0 |        64 |  0.00 |
| BITSLICE_RX_TX   |    0 |     0 |       416 |  0.00 |
| BITSLICE_TX      |    0 |     0 |        64 |  0.00 |
| RIU_OR           |    0 |     0 |        32 |  0.00 |
+------------------+------+-------+-----------+-------+


6. CLOCK
--------

+----------------------+------+-------+-----------+-------+
|       Site Type      | Used | Fixed | Available | Util% |
+----------------------+------+-------+-----------+-------+
| GLOBAL CLOCK BUFFERs |   10 |     0 |       544 |  1.84 |
|   BUFGCE             |    9 |     0 |       208 |  4.33 |
|   BUFGCE_DIV         |    0 |     0 |        32 |  0.00 |
|   BUFG_GT            |    0 |     0 |       144 |  0.00 |
|   BUFG_PS            |    1 |     0 |        96 |  1.04 |
|   BUFGCTRL*          |    0 |     0 |        64 |  0.00 |
| PLL                  |    0 |     0 |        16 |  0.00 |
| MMCM                 |    0 |     0 |         8 |  0.00 |
+----------------------+------+-------+-----------+-------+
* Note: Each used BUFGCTRL counts as two GLOBAL CLOCK BUFFERs. This table does not include global clocking resources, only buffer cell usage. See the Clock Utilization Report (report_clock_utilization) for detailed accounting of global clocking resource availability.


7. ADVANCED
-----------

+-----------------+------+-------+-----------+--------+
|    Site Type    | Used | Fixed | Available |  Util% |
+-----------------+------+-------+-----------+--------+
| GTHE4_CHANNEL   |    0 |     0 |        20 |   0.00 |
| GTHE4_COMMON    |    0 |     0 |         5 |   0.00 |
| OBUFDS_GTE4     |    0 |     0 |        10 |   0.00 |
| OBUFDS_GTE4_ADV |    0 |     0 |        10 |   0.00 |
| PCIE40E4        |    0 |     0 |         2 |   0.00 |
| PS8             |    1 |     0 |         1 | 100.00 |
| SYSMONE4        |    0 |     0 |         1 |   0.00 |
| VCU             |    0 |     0 |         1 |   0.00 |
+-----------------+------+-------+-----------+--------+


8. CONFIGURATION
----------------

+-------------+------+-------+-----------+-------+
|  Site Type  | Used | Fixed | Available | Util% |
+-------------+------+-------+-----------+-------+
| BSCANE2     |    0 |     0 |         4 |  0.00 |
| DNA_PORTE2  |    0 |     0 |         1 |  0.00 |
| EFUSE_USR   |    0 |     0 |         1 |  0.00 |
| FRAME_ECCE4 |    0 |     0 |         1 |  0.00 |
| ICAPE3      |    0 |     0 |         2 |  0.00 |
| MASTER_JTAG |    0 |     0 |         1 |  0.00 |
| STARTUPE3   |    0 |     0 |         1 |  0.00 |
+-------------+------+-------+-----------+-------+


9. Primitives
-------------

+----------+-------+---------------------+
| Ref Name |  Used | Functional Category |
+----------+-------+---------------------+
| FDRE     | 13407 |            Register |
| LUT6     |  5187 |                 CLB |
| LUT3     |  2920 |                 CLB |
| LUT5     |  2763 |                 CLB |
| LUT4     |  2331 |                 CLB |
| LUT2     |  2133 |                 CLB |
| RAMD32   |  1262 |                 CLB |
| LUT1     |   430 |                 CLB |
| FDSE     |   336 |            Register |
| LDCE     |   256 |            Register |
| CARRY8   |   210 |                 CLB |
| RAMS32   |   180 |                 CLB |
| FDCE     |   138 |            Register |
| RAMB36E2 |   120 |           Block Ram |
| SRLC32E  |    68 |                 CLB |
| FDPE     |    66 |            Register |
| SRL16E   |    64 |                 CLB |
| URAM288  |    20 |           Block Ram |
| MUXF7    |    17 |                 CLB |
| BUFGCE   |     9 |               Clock |
| RAMB18E2 |     2 |           Block Ram |
| PS8      |     1 |            Advanced |
| BUFG_PS  |     1 |               Clock |
+----------+-------+---------------------+


10. Black Boxes
---------------

+----------+------+
| Ref Name | Used |
+----------+------+


11. Instantiated Netlists
-------------------------

+----------+------+
| Ref Name | Used |
+----------+------+


