Copyright 1986-2020 Xilinx, Inc. All Rights Reserved.
------------------------------------------------------------------------------------------------------------------------------------------
| Tool Version : Vivado v.2020.1 (win64) Build 2902540 Wed May 27 19:54:49 MDT 2020
| Date         : Wed Jun 30 10:46:23 2021
| Host         : SEED-LAB-DLT running 64-bit major release  (build 9200)
| Command      : report_drc -file design_1_wrapper_drc_routed.rpt -pb design_1_wrapper_drc_routed.pb -rpx design_1_wrapper_drc_routed.rpx
| Design       : design_1_wrapper
| Device       : xczu7ev-ffvc1156-2-e
| Speed File   : -2
| Design State : Fully Routed
------------------------------------------------------------------------------------------------------------------------------------------

Report DRC

Table of Contents
-----------------
1. REPORT SUMMARY
2. REPORT DETAILS

1. REPORT SUMMARY
-----------------
            Netlist: netlist
          Floorplan: design_1
      Design limits: <entire design considered>
           Ruledeck: default
             Max violations: <unlimited>
             Violations found: 79
+-----------+----------+---------------------------------------------------+------------+
| Rule      | Severity | Description                                       | Violations |
+-----------+----------+---------------------------------------------------+------------+
| REQP-1869 | Warning  | URAM288_CASCADE_ORDER_FIRST-NONE_tie_CAS_IN_X_low | 72         |
| RTSTAT-10 | Warning  | No routable loads                                 | 1          |
| REQP-1934 | Advisory | RAMB18E2_nochange_collision_advisory              | 2          |
| REQP-1935 | Advisory | RAMB36E2_nochange_collision_advisory              | 4          |
+-----------+----------+---------------------------------------------------+------------+

2. REPORT DETAILS
-----------------
REQP-1869#1 Warning
URAM288_CASCADE_ORDER_FIRST-NONE_tie_CAS_IN_X_low  
URAM288 design_1_i/radix_sort_accelerat_0/inst/radix_sort_accelerator_main_unit/bram_bank_unit/sort_data_0_bram/ram_reg_uram_0 has CASCADE_ORDER_A (FIRST) set to FIRST or NONE, the CAS_IN_ADDR_A[22:0] bus pins should be tied LOW.
Related violations: <none>

REQP-1869#2 Warning
URAM288_CASCADE_ORDER_FIRST-NONE_tie_CAS_IN_X_low  
URAM288 design_1_i/radix_sort_accelerat_0/inst/radix_sort_accelerator_main_unit/bram_bank_unit/sort_data_0_bram/ram_reg_uram_0 has CASCADE_ORDER_A (FIRST) set to FIRST or NONE, the CAS_IN_BWE_A[8:0] bus pins should be tied LOW.
Related violations: <none>

REQP-1869#3 Warning
URAM288_CASCADE_ORDER_FIRST-NONE_tie_CAS_IN_X_low  
URAM288 design_1_i/radix_sort_accelerat_0/inst/radix_sort_accelerator_main_unit/bram_bank_unit/sort_data_0_bram/ram_reg_uram_0 has CASCADE_ORDER_A (FIRST) set to FIRST or NONE, the CAS_IN_DIN_A[71:0] bus pins should be tied LOW.
Related violations: <none>

REQP-1869#4 Warning
URAM288_CASCADE_ORDER_FIRST-NONE_tie_CAS_IN_X_low  
URAM288 design_1_i/radix_sort_accelerat_0/inst/radix_sort_accelerator_main_unit/bram_bank_unit/sort_data_0_bram/ram_reg_uram_0 has CASCADE_ORDER_A (FIRST) set to FIRST or NONE, the CAS_IN_DOUT_A[71:0] bus pins should be tied LOW.
Related violations: <none>

REQP-1869#5 Warning
URAM288_CASCADE_ORDER_FIRST-NONE_tie_CAS_IN_X_low  
URAM288 design_1_i/radix_sort_accelerat_0/inst/radix_sort_accelerator_main_unit/bram_bank_unit/sort_data_0_bram/ram_reg_uram_0 has CASCADE_ORDER_A (FIRST) set to FIRST or NONE, the CAS_IN_RDACCESS_A pin should be tied LOW.
Related violations: <none>

REQP-1869#6 Warning
URAM288_CASCADE_ORDER_FIRST-NONE_tie_CAS_IN_X_low  
URAM288 design_1_i/radix_sort_accelerat_0/inst/radix_sort_accelerator_main_unit/bram_bank_unit/sort_data_0_bram/ram_reg_uram_0 has CASCADE_ORDER_A (FIRST) set to FIRST or NONE, the CAS_IN_RDB_WR_A pin should be tied LOW.
Related violations: <none>

REQP-1869#7 Warning
URAM288_CASCADE_ORDER_FIRST-NONE_tie_CAS_IN_X_low  
URAM288 design_1_i/radix_sort_accelerat_0/inst/radix_sort_accelerator_main_unit/bram_bank_unit/sort_data_0_bram/ram_reg_uram_0 has CASCADE_ORDER_B (FIRST) set to FIRST or NONE, the CAS_IN_ADDR_B[22:0] bus pins should be tied LOW.
Related violations: <none>

REQP-1869#8 Warning
URAM288_CASCADE_ORDER_FIRST-NONE_tie_CAS_IN_X_low  
URAM288 design_1_i/radix_sort_accelerat_0/inst/radix_sort_accelerator_main_unit/bram_bank_unit/sort_data_0_bram/ram_reg_uram_0 has CASCADE_ORDER_B (FIRST) set to FIRST or NONE, the CAS_IN_BWE_B[8:0] bus pins should be tied LOW.
Related violations: <none>

REQP-1869#9 Warning
URAM288_CASCADE_ORDER_FIRST-NONE_tie_CAS_IN_X_low  
URAM288 design_1_i/radix_sort_accelerat_0/inst/radix_sort_accelerator_main_unit/bram_bank_unit/sort_data_0_bram/ram_reg_uram_0 has CASCADE_ORDER_B (FIRST) set to FIRST or NONE, the CAS_IN_DIN_B[71:0] bus pins should be tied LOW.
Related violations: <none>

REQP-1869#10 Warning
URAM288_CASCADE_ORDER_FIRST-NONE_tie_CAS_IN_X_low  
URAM288 design_1_i/radix_sort_accelerat_0/inst/radix_sort_accelerator_main_unit/bram_bank_unit/sort_data_0_bram/ram_reg_uram_0 has CASCADE_ORDER_B (FIRST) set to FIRST or NONE, the CAS_IN_DOUT_B[71:0] bus pins should be tied LOW.
Related violations: <none>

REQP-1869#11 Warning
URAM288_CASCADE_ORDER_FIRST-NONE_tie_CAS_IN_X_low  
URAM288 design_1_i/radix_sort_accelerat_0/inst/radix_sort_accelerator_main_unit/bram_bank_unit/sort_data_0_bram/ram_reg_uram_0 has CASCADE_ORDER_B (FIRST) set to FIRST or NONE, the CAS_IN_RDACCESS_B pin should be tied LOW.
Related violations: <none>

REQP-1869#12 Warning
URAM288_CASCADE_ORDER_FIRST-NONE_tie_CAS_IN_X_low  
URAM288 design_1_i/radix_sort_accelerat_0/inst/radix_sort_accelerator_main_unit/bram_bank_unit/sort_data_0_bram/ram_reg_uram_0 has CASCADE_ORDER_B (FIRST) set to FIRST or NONE, the CAS_IN_RDB_WR_B pin should be tied LOW.
Related violations: <none>

REQP-1869#13 Warning
URAM288_CASCADE_ORDER_FIRST-NONE_tie_CAS_IN_X_low  
URAM288 design_1_i/radix_sort_accelerat_0/inst/radix_sort_accelerator_main_unit/bram_bank_unit/sort_data_0_bram/ram_reg_uram_8 has CASCADE_ORDER_A (FIRST) set to FIRST or NONE, the CAS_IN_ADDR_A[22:0] bus pins should be tied LOW.
Related violations: <none>

REQP-1869#14 Warning
URAM288_CASCADE_ORDER_FIRST-NONE_tie_CAS_IN_X_low  
URAM288 design_1_i/radix_sort_accelerat_0/inst/radix_sort_accelerator_main_unit/bram_bank_unit/sort_data_0_bram/ram_reg_uram_8 has CASCADE_ORDER_A (FIRST) set to FIRST or NONE, the CAS_IN_BWE_A[8:0] bus pins should be tied LOW.
Related violations: <none>

REQP-1869#15 Warning
URAM288_CASCADE_ORDER_FIRST-NONE_tie_CAS_IN_X_low  
URAM288 design_1_i/radix_sort_accelerat_0/inst/radix_sort_accelerator_main_unit/bram_bank_unit/sort_data_0_bram/ram_reg_uram_8 has CASCADE_ORDER_A (FIRST) set to FIRST or NONE, the CAS_IN_DIN_A[71:0] bus pins should be tied LOW.
Related violations: <none>

REQP-1869#16 Warning
URAM288_CASCADE_ORDER_FIRST-NONE_tie_CAS_IN_X_low  
URAM288 design_1_i/radix_sort_accelerat_0/inst/radix_sort_accelerator_main_unit/bram_bank_unit/sort_data_0_bram/ram_reg_uram_8 has CASCADE_ORDER_A (FIRST) set to FIRST or NONE, the CAS_IN_DOUT_A[71:0] bus pins should be tied LOW.
Related violations: <none>

REQP-1869#17 Warning
URAM288_CASCADE_ORDER_FIRST-NONE_tie_CAS_IN_X_low  
URAM288 design_1_i/radix_sort_accelerat_0/inst/radix_sort_accelerator_main_unit/bram_bank_unit/sort_data_0_bram/ram_reg_uram_8 has CASCADE_ORDER_A (FIRST) set to FIRST or NONE, the CAS_IN_RDACCESS_A pin should be tied LOW.
Related violations: <none>

REQP-1869#18 Warning
URAM288_CASCADE_ORDER_FIRST-NONE_tie_CAS_IN_X_low  
URAM288 design_1_i/radix_sort_accelerat_0/inst/radix_sort_accelerator_main_unit/bram_bank_unit/sort_data_0_bram/ram_reg_uram_8 has CASCADE_ORDER_A (FIRST) set to FIRST or NONE, the CAS_IN_RDB_WR_A pin should be tied LOW.
Related violations: <none>

REQP-1869#19 Warning
URAM288_CASCADE_ORDER_FIRST-NONE_tie_CAS_IN_X_low  
URAM288 design_1_i/radix_sort_accelerat_0/inst/radix_sort_accelerator_main_unit/bram_bank_unit/sort_data_0_bram/ram_reg_uram_8 has CASCADE_ORDER_B (FIRST) set to FIRST or NONE, the CAS_IN_ADDR_B[22:0] bus pins should be tied LOW.
Related violations: <none>

REQP-1869#20 Warning
URAM288_CASCADE_ORDER_FIRST-NONE_tie_CAS_IN_X_low  
URAM288 design_1_i/radix_sort_accelerat_0/inst/radix_sort_accelerator_main_unit/bram_bank_unit/sort_data_0_bram/ram_reg_uram_8 has CASCADE_ORDER_B (FIRST) set to FIRST or NONE, the CAS_IN_BWE_B[8:0] bus pins should be tied LOW.
Related violations: <none>

REQP-1869#21 Warning
URAM288_CASCADE_ORDER_FIRST-NONE_tie_CAS_IN_X_low  
URAM288 design_1_i/radix_sort_accelerat_0/inst/radix_sort_accelerator_main_unit/bram_bank_unit/sort_data_0_bram/ram_reg_uram_8 has CASCADE_ORDER_B (FIRST) set to FIRST or NONE, the CAS_IN_DIN_B[71:0] bus pins should be tied LOW.
Related violations: <none>

REQP-1869#22 Warning
URAM288_CASCADE_ORDER_FIRST-NONE_tie_CAS_IN_X_low  
URAM288 design_1_i/radix_sort_accelerat_0/inst/radix_sort_accelerator_main_unit/bram_bank_unit/sort_data_0_bram/ram_reg_uram_8 has CASCADE_ORDER_B (FIRST) set to FIRST or NONE, the CAS_IN_DOUT_B[71:0] bus pins should be tied LOW.
Related violations: <none>

REQP-1869#23 Warning
URAM288_CASCADE_ORDER_FIRST-NONE_tie_CAS_IN_X_low  
URAM288 design_1_i/radix_sort_accelerat_0/inst/radix_sort_accelerator_main_unit/bram_bank_unit/sort_data_0_bram/ram_reg_uram_8 has CASCADE_ORDER_B (FIRST) set to FIRST or NONE, the CAS_IN_RDACCESS_B pin should be tied LOW.
Related violations: <none>

REQP-1869#24 Warning
URAM288_CASCADE_ORDER_FIRST-NONE_tie_CAS_IN_X_low  
URAM288 design_1_i/radix_sort_accelerat_0/inst/radix_sort_accelerator_main_unit/bram_bank_unit/sort_data_0_bram/ram_reg_uram_8 has CASCADE_ORDER_B (FIRST) set to FIRST or NONE, the CAS_IN_RDB_WR_B pin should be tied LOW.
Related violations: <none>

REQP-1869#25 Warning
URAM288_CASCADE_ORDER_FIRST-NONE_tie_CAS_IN_X_low  
URAM288 design_1_i/radix_sort_accelerat_0/inst/radix_sort_accelerator_v1_0_M00_AXIS_unit/out_data_fifo/stream_out_queue_bram/ram_reg_uram_0 has CASCADE_ORDER_A (NONE) set to FIRST or NONE, the CAS_IN_ADDR_A[22:0] bus pins should be tied LOW.
Related violations: <none>

REQP-1869#26 Warning
URAM288_CASCADE_ORDER_FIRST-NONE_tie_CAS_IN_X_low  
URAM288 design_1_i/radix_sort_accelerat_0/inst/radix_sort_accelerator_v1_0_M00_AXIS_unit/out_data_fifo/stream_out_queue_bram/ram_reg_uram_0 has CASCADE_ORDER_A (NONE) set to FIRST or NONE, the CAS_IN_BWE_A[8:0] bus pins should be tied LOW.
Related violations: <none>

REQP-1869#27 Warning
URAM288_CASCADE_ORDER_FIRST-NONE_tie_CAS_IN_X_low  
URAM288 design_1_i/radix_sort_accelerat_0/inst/radix_sort_accelerator_v1_0_M00_AXIS_unit/out_data_fifo/stream_out_queue_bram/ram_reg_uram_0 has CASCADE_ORDER_A (NONE) set to FIRST or NONE, the CAS_IN_DIN_A[71:0] bus pins should be tied LOW.
Related violations: <none>

REQP-1869#28 Warning
URAM288_CASCADE_ORDER_FIRST-NONE_tie_CAS_IN_X_low  
URAM288 design_1_i/radix_sort_accelerat_0/inst/radix_sort_accelerator_v1_0_M00_AXIS_unit/out_data_fifo/stream_out_queue_bram/ram_reg_uram_0 has CASCADE_ORDER_A (NONE) set to FIRST or NONE, the CAS_IN_DOUT_A[71:0] bus pins should be tied LOW.
Related violations: <none>

REQP-1869#29 Warning
URAM288_CASCADE_ORDER_FIRST-NONE_tie_CAS_IN_X_low  
URAM288 design_1_i/radix_sort_accelerat_0/inst/radix_sort_accelerator_v1_0_M00_AXIS_unit/out_data_fifo/stream_out_queue_bram/ram_reg_uram_0 has CASCADE_ORDER_A (NONE) set to FIRST or NONE, the CAS_IN_RDACCESS_A pin should be tied LOW.
Related violations: <none>

REQP-1869#30 Warning
URAM288_CASCADE_ORDER_FIRST-NONE_tie_CAS_IN_X_low  
URAM288 design_1_i/radix_sort_accelerat_0/inst/radix_sort_accelerator_v1_0_M00_AXIS_unit/out_data_fifo/stream_out_queue_bram/ram_reg_uram_0 has CASCADE_ORDER_A (NONE) set to FIRST or NONE, the CAS_IN_RDB_WR_A pin should be tied LOW.
Related violations: <none>

REQP-1869#31 Warning
URAM288_CASCADE_ORDER_FIRST-NONE_tie_CAS_IN_X_low  
URAM288 design_1_i/radix_sort_accelerat_0/inst/radix_sort_accelerator_v1_0_M00_AXIS_unit/out_data_fifo/stream_out_queue_bram/ram_reg_uram_0 has CASCADE_ORDER_B (NONE) set to FIRST or NONE, the CAS_IN_ADDR_B[22:0] bus pins should be tied LOW.
Related violations: <none>

REQP-1869#32 Warning
URAM288_CASCADE_ORDER_FIRST-NONE_tie_CAS_IN_X_low  
URAM288 design_1_i/radix_sort_accelerat_0/inst/radix_sort_accelerator_v1_0_M00_AXIS_unit/out_data_fifo/stream_out_queue_bram/ram_reg_uram_0 has CASCADE_ORDER_B (NONE) set to FIRST or NONE, the CAS_IN_BWE_B[8:0] bus pins should be tied LOW.
Related violations: <none>

REQP-1869#33 Warning
URAM288_CASCADE_ORDER_FIRST-NONE_tie_CAS_IN_X_low  
URAM288 design_1_i/radix_sort_accelerat_0/inst/radix_sort_accelerator_v1_0_M00_AXIS_unit/out_data_fifo/stream_out_queue_bram/ram_reg_uram_0 has CASCADE_ORDER_B (NONE) set to FIRST or NONE, the CAS_IN_DIN_B[71:0] bus pins should be tied LOW.
Related violations: <none>

REQP-1869#34 Warning
URAM288_CASCADE_ORDER_FIRST-NONE_tie_CAS_IN_X_low  
URAM288 design_1_i/radix_sort_accelerat_0/inst/radix_sort_accelerator_v1_0_M00_AXIS_unit/out_data_fifo/stream_out_queue_bram/ram_reg_uram_0 has CASCADE_ORDER_B (NONE) set to FIRST or NONE, the CAS_IN_DOUT_B[71:0] bus pins should be tied LOW.
Related violations: <none>

REQP-1869#35 Warning
URAM288_CASCADE_ORDER_FIRST-NONE_tie_CAS_IN_X_low  
URAM288 design_1_i/radix_sort_accelerat_0/inst/radix_sort_accelerator_v1_0_M00_AXIS_unit/out_data_fifo/stream_out_queue_bram/ram_reg_uram_0 has CASCADE_ORDER_B (NONE) set to FIRST or NONE, the CAS_IN_RDACCESS_B pin should be tied LOW.
Related violations: <none>

REQP-1869#36 Warning
URAM288_CASCADE_ORDER_FIRST-NONE_tie_CAS_IN_X_low  
URAM288 design_1_i/radix_sort_accelerat_0/inst/radix_sort_accelerator_v1_0_M00_AXIS_unit/out_data_fifo/stream_out_queue_bram/ram_reg_uram_0 has CASCADE_ORDER_B (NONE) set to FIRST or NONE, the CAS_IN_RDB_WR_B pin should be tied LOW.
Related violations: <none>

REQP-1869#37 Warning
URAM288_CASCADE_ORDER_FIRST-NONE_tie_CAS_IN_X_low  
URAM288 design_1_i/radix_sort_accelerat_0/inst/radix_sort_accelerator_v1_0_M00_AXIS_unit/out_data_fifo/stream_out_queue_bram/ram_reg_uram_1 has CASCADE_ORDER_A (NONE) set to FIRST or NONE, the CAS_IN_ADDR_A[22:0] bus pins should be tied LOW.
Related violations: <none>

REQP-1869#38 Warning
URAM288_CASCADE_ORDER_FIRST-NONE_tie_CAS_IN_X_low  
URAM288 design_1_i/radix_sort_accelerat_0/inst/radix_sort_accelerator_v1_0_M00_AXIS_unit/out_data_fifo/stream_out_queue_bram/ram_reg_uram_1 has CASCADE_ORDER_A (NONE) set to FIRST or NONE, the CAS_IN_BWE_A[8:0] bus pins should be tied LOW.
Related violations: <none>

REQP-1869#39 Warning
URAM288_CASCADE_ORDER_FIRST-NONE_tie_CAS_IN_X_low  
URAM288 design_1_i/radix_sort_accelerat_0/inst/radix_sort_accelerator_v1_0_M00_AXIS_unit/out_data_fifo/stream_out_queue_bram/ram_reg_uram_1 has CASCADE_ORDER_A (NONE) set to FIRST or NONE, the CAS_IN_DIN_A[71:0] bus pins should be tied LOW.
Related violations: <none>

REQP-1869#40 Warning
URAM288_CASCADE_ORDER_FIRST-NONE_tie_CAS_IN_X_low  
URAM288 design_1_i/radix_sort_accelerat_0/inst/radix_sort_accelerator_v1_0_M00_AXIS_unit/out_data_fifo/stream_out_queue_bram/ram_reg_uram_1 has CASCADE_ORDER_A (NONE) set to FIRST or NONE, the CAS_IN_DOUT_A[71:0] bus pins should be tied LOW.
Related violations: <none>

REQP-1869#41 Warning
URAM288_CASCADE_ORDER_FIRST-NONE_tie_CAS_IN_X_low  
URAM288 design_1_i/radix_sort_accelerat_0/inst/radix_sort_accelerator_v1_0_M00_AXIS_unit/out_data_fifo/stream_out_queue_bram/ram_reg_uram_1 has CASCADE_ORDER_A (NONE) set to FIRST or NONE, the CAS_IN_RDACCESS_A pin should be tied LOW.
Related violations: <none>

REQP-1869#42 Warning
URAM288_CASCADE_ORDER_FIRST-NONE_tie_CAS_IN_X_low  
URAM288 design_1_i/radix_sort_accelerat_0/inst/radix_sort_accelerator_v1_0_M00_AXIS_unit/out_data_fifo/stream_out_queue_bram/ram_reg_uram_1 has CASCADE_ORDER_A (NONE) set to FIRST or NONE, the CAS_IN_RDB_WR_A pin should be tied LOW.
Related violations: <none>

REQP-1869#43 Warning
URAM288_CASCADE_ORDER_FIRST-NONE_tie_CAS_IN_X_low  
URAM288 design_1_i/radix_sort_accelerat_0/inst/radix_sort_accelerator_v1_0_M00_AXIS_unit/out_data_fifo/stream_out_queue_bram/ram_reg_uram_1 has CASCADE_ORDER_B (NONE) set to FIRST or NONE, the CAS_IN_ADDR_B[22:0] bus pins should be tied LOW.
Related violations: <none>

REQP-1869#44 Warning
URAM288_CASCADE_ORDER_FIRST-NONE_tie_CAS_IN_X_low  
URAM288 design_1_i/radix_sort_accelerat_0/inst/radix_sort_accelerator_v1_0_M00_AXIS_unit/out_data_fifo/stream_out_queue_bram/ram_reg_uram_1 has CASCADE_ORDER_B (NONE) set to FIRST or NONE, the CAS_IN_BWE_B[8:0] bus pins should be tied LOW.
Related violations: <none>

REQP-1869#45 Warning
URAM288_CASCADE_ORDER_FIRST-NONE_tie_CAS_IN_X_low  
URAM288 design_1_i/radix_sort_accelerat_0/inst/radix_sort_accelerator_v1_0_M00_AXIS_unit/out_data_fifo/stream_out_queue_bram/ram_reg_uram_1 has CASCADE_ORDER_B (NONE) set to FIRST or NONE, the CAS_IN_DIN_B[71:0] bus pins should be tied LOW.
Related violations: <none>

REQP-1869#46 Warning
URAM288_CASCADE_ORDER_FIRST-NONE_tie_CAS_IN_X_low  
URAM288 design_1_i/radix_sort_accelerat_0/inst/radix_sort_accelerator_v1_0_M00_AXIS_unit/out_data_fifo/stream_out_queue_bram/ram_reg_uram_1 has CASCADE_ORDER_B (NONE) set to FIRST or NONE, the CAS_IN_DOUT_B[71:0] bus pins should be tied LOW.
Related violations: <none>

REQP-1869#47 Warning
URAM288_CASCADE_ORDER_FIRST-NONE_tie_CAS_IN_X_low  
URAM288 design_1_i/radix_sort_accelerat_0/inst/radix_sort_accelerator_v1_0_M00_AXIS_unit/out_data_fifo/stream_out_queue_bram/ram_reg_uram_1 has CASCADE_ORDER_B (NONE) set to FIRST or NONE, the CAS_IN_RDACCESS_B pin should be tied LOW.
Related violations: <none>

REQP-1869#48 Warning
URAM288_CASCADE_ORDER_FIRST-NONE_tie_CAS_IN_X_low  
URAM288 design_1_i/radix_sort_accelerat_0/inst/radix_sort_accelerator_v1_0_M00_AXIS_unit/out_data_fifo/stream_out_queue_bram/ram_reg_uram_1 has CASCADE_ORDER_B (NONE) set to FIRST or NONE, the CAS_IN_RDB_WR_B pin should be tied LOW.
Related violations: <none>

REQP-1869#49 Warning
URAM288_CASCADE_ORDER_FIRST-NONE_tie_CAS_IN_X_low  
URAM288 design_1_i/radix_sort_accelerat_0/inst/radix_sort_accelerator_v1_0_S00_AXIS_unit/input_stream_queue_unit/stream_in_queue_bram/ram_reg_uram_0 has CASCADE_ORDER_A (NONE) set to FIRST or NONE, the CAS_IN_ADDR_A[22:0] bus pins should be tied LOW.
Related violations: <none>

REQP-1869#50 Warning
URAM288_CASCADE_ORDER_FIRST-NONE_tie_CAS_IN_X_low  
URAM288 design_1_i/radix_sort_accelerat_0/inst/radix_sort_accelerator_v1_0_S00_AXIS_unit/input_stream_queue_unit/stream_in_queue_bram/ram_reg_uram_0 has CASCADE_ORDER_A (NONE) set to FIRST or NONE, the CAS_IN_BWE_A[8:0] bus pins should be tied LOW.
Related violations: <none>

REQP-1869#51 Warning
URAM288_CASCADE_ORDER_FIRST-NONE_tie_CAS_IN_X_low  
URAM288 design_1_i/radix_sort_accelerat_0/inst/radix_sort_accelerator_v1_0_S00_AXIS_unit/input_stream_queue_unit/stream_in_queue_bram/ram_reg_uram_0 has CASCADE_ORDER_A (NONE) set to FIRST or NONE, the CAS_IN_DIN_A[71:0] bus pins should be tied LOW.
Related violations: <none>

REQP-1869#52 Warning
URAM288_CASCADE_ORDER_FIRST-NONE_tie_CAS_IN_X_low  
URAM288 design_1_i/radix_sort_accelerat_0/inst/radix_sort_accelerator_v1_0_S00_AXIS_unit/input_stream_queue_unit/stream_in_queue_bram/ram_reg_uram_0 has CASCADE_ORDER_A (NONE) set to FIRST or NONE, the CAS_IN_DOUT_A[71:0] bus pins should be tied LOW.
Related violations: <none>

REQP-1869#53 Warning
URAM288_CASCADE_ORDER_FIRST-NONE_tie_CAS_IN_X_low  
URAM288 design_1_i/radix_sort_accelerat_0/inst/radix_sort_accelerator_v1_0_S00_AXIS_unit/input_stream_queue_unit/stream_in_queue_bram/ram_reg_uram_0 has CASCADE_ORDER_A (NONE) set to FIRST or NONE, the CAS_IN_RDACCESS_A pin should be tied LOW.
Related violations: <none>

REQP-1869#54 Warning
URAM288_CASCADE_ORDER_FIRST-NONE_tie_CAS_IN_X_low  
URAM288 design_1_i/radix_sort_accelerat_0/inst/radix_sort_accelerator_v1_0_S00_AXIS_unit/input_stream_queue_unit/stream_in_queue_bram/ram_reg_uram_0 has CASCADE_ORDER_A (NONE) set to FIRST or NONE, the CAS_IN_RDB_WR_A pin should be tied LOW.
Related violations: <none>

REQP-1869#55 Warning
URAM288_CASCADE_ORDER_FIRST-NONE_tie_CAS_IN_X_low  
URAM288 design_1_i/radix_sort_accelerat_0/inst/radix_sort_accelerator_v1_0_S00_AXIS_unit/input_stream_queue_unit/stream_in_queue_bram/ram_reg_uram_0 has CASCADE_ORDER_B (NONE) set to FIRST or NONE, the CAS_IN_ADDR_B[22:0] bus pins should be tied LOW.
Related violations: <none>

REQP-1869#56 Warning
URAM288_CASCADE_ORDER_FIRST-NONE_tie_CAS_IN_X_low  
URAM288 design_1_i/radix_sort_accelerat_0/inst/radix_sort_accelerator_v1_0_S00_AXIS_unit/input_stream_queue_unit/stream_in_queue_bram/ram_reg_uram_0 has CASCADE_ORDER_B (NONE) set to FIRST or NONE, the CAS_IN_BWE_B[8:0] bus pins should be tied LOW.
Related violations: <none>

REQP-1869#57 Warning
URAM288_CASCADE_ORDER_FIRST-NONE_tie_CAS_IN_X_low  
URAM288 design_1_i/radix_sort_accelerat_0/inst/radix_sort_accelerator_v1_0_S00_AXIS_unit/input_stream_queue_unit/stream_in_queue_bram/ram_reg_uram_0 has CASCADE_ORDER_B (NONE) set to FIRST or NONE, the CAS_IN_DIN_B[71:0] bus pins should be tied LOW.
Related violations: <none>

REQP-1869#58 Warning
URAM288_CASCADE_ORDER_FIRST-NONE_tie_CAS_IN_X_low  
URAM288 design_1_i/radix_sort_accelerat_0/inst/radix_sort_accelerator_v1_0_S00_AXIS_unit/input_stream_queue_unit/stream_in_queue_bram/ram_reg_uram_0 has CASCADE_ORDER_B (NONE) set to FIRST or NONE, the CAS_IN_DOUT_B[71:0] bus pins should be tied LOW.
Related violations: <none>

REQP-1869#59 Warning
URAM288_CASCADE_ORDER_FIRST-NONE_tie_CAS_IN_X_low  
URAM288 design_1_i/radix_sort_accelerat_0/inst/radix_sort_accelerator_v1_0_S00_AXIS_unit/input_stream_queue_unit/stream_in_queue_bram/ram_reg_uram_0 has CASCADE_ORDER_B (NONE) set to FIRST or NONE, the CAS_IN_RDACCESS_B pin should be tied LOW.
Related violations: <none>

REQP-1869#60 Warning
URAM288_CASCADE_ORDER_FIRST-NONE_tie_CAS_IN_X_low  
URAM288 design_1_i/radix_sort_accelerat_0/inst/radix_sort_accelerator_v1_0_S00_AXIS_unit/input_stream_queue_unit/stream_in_queue_bram/ram_reg_uram_0 has CASCADE_ORDER_B (NONE) set to FIRST or NONE, the CAS_IN_RDB_WR_B pin should be tied LOW.
Related violations: <none>

REQP-1869#61 Warning
URAM288_CASCADE_ORDER_FIRST-NONE_tie_CAS_IN_X_low  
URAM288 design_1_i/radix_sort_accelerat_0/inst/radix_sort_accelerator_v1_0_S00_AXIS_unit/input_stream_queue_unit/stream_in_queue_bram/ram_reg_uram_1 has CASCADE_ORDER_A (NONE) set to FIRST or NONE, the CAS_IN_ADDR_A[22:0] bus pins should be tied LOW.
Related violations: <none>

REQP-1869#62 Warning
URAM288_CASCADE_ORDER_FIRST-NONE_tie_CAS_IN_X_low  
URAM288 design_1_i/radix_sort_accelerat_0/inst/radix_sort_accelerator_v1_0_S00_AXIS_unit/input_stream_queue_unit/stream_in_queue_bram/ram_reg_uram_1 has CASCADE_ORDER_A (NONE) set to FIRST or NONE, the CAS_IN_BWE_A[8:0] bus pins should be tied LOW.
Related violations: <none>

REQP-1869#63 Warning
URAM288_CASCADE_ORDER_FIRST-NONE_tie_CAS_IN_X_low  
URAM288 design_1_i/radix_sort_accelerat_0/inst/radix_sort_accelerator_v1_0_S00_AXIS_unit/input_stream_queue_unit/stream_in_queue_bram/ram_reg_uram_1 has CASCADE_ORDER_A (NONE) set to FIRST or NONE, the CAS_IN_DIN_A[71:0] bus pins should be tied LOW.
Related violations: <none>

REQP-1869#64 Warning
URAM288_CASCADE_ORDER_FIRST-NONE_tie_CAS_IN_X_low  
URAM288 design_1_i/radix_sort_accelerat_0/inst/radix_sort_accelerator_v1_0_S00_AXIS_unit/input_stream_queue_unit/stream_in_queue_bram/ram_reg_uram_1 has CASCADE_ORDER_A (NONE) set to FIRST or NONE, the CAS_IN_DOUT_A[71:0] bus pins should be tied LOW.
Related violations: <none>

REQP-1869#65 Warning
URAM288_CASCADE_ORDER_FIRST-NONE_tie_CAS_IN_X_low  
URAM288 design_1_i/radix_sort_accelerat_0/inst/radix_sort_accelerator_v1_0_S00_AXIS_unit/input_stream_queue_unit/stream_in_queue_bram/ram_reg_uram_1 has CASCADE_ORDER_A (NONE) set to FIRST or NONE, the CAS_IN_RDACCESS_A pin should be tied LOW.
Related violations: <none>

REQP-1869#66 Warning
URAM288_CASCADE_ORDER_FIRST-NONE_tie_CAS_IN_X_low  
URAM288 design_1_i/radix_sort_accelerat_0/inst/radix_sort_accelerator_v1_0_S00_AXIS_unit/input_stream_queue_unit/stream_in_queue_bram/ram_reg_uram_1 has CASCADE_ORDER_A (NONE) set to FIRST or NONE, the CAS_IN_RDB_WR_A pin should be tied LOW.
Related violations: <none>

REQP-1869#67 Warning
URAM288_CASCADE_ORDER_FIRST-NONE_tie_CAS_IN_X_low  
URAM288 design_1_i/radix_sort_accelerat_0/inst/radix_sort_accelerator_v1_0_S00_AXIS_unit/input_stream_queue_unit/stream_in_queue_bram/ram_reg_uram_1 has CASCADE_ORDER_B (NONE) set to FIRST or NONE, the CAS_IN_ADDR_B[22:0] bus pins should be tied LOW.
Related violations: <none>

REQP-1869#68 Warning
URAM288_CASCADE_ORDER_FIRST-NONE_tie_CAS_IN_X_low  
URAM288 design_1_i/radix_sort_accelerat_0/inst/radix_sort_accelerator_v1_0_S00_AXIS_unit/input_stream_queue_unit/stream_in_queue_bram/ram_reg_uram_1 has CASCADE_ORDER_B (NONE) set to FIRST or NONE, the CAS_IN_BWE_B[8:0] bus pins should be tied LOW.
Related violations: <none>

REQP-1869#69 Warning
URAM288_CASCADE_ORDER_FIRST-NONE_tie_CAS_IN_X_low  
URAM288 design_1_i/radix_sort_accelerat_0/inst/radix_sort_accelerator_v1_0_S00_AXIS_unit/input_stream_queue_unit/stream_in_queue_bram/ram_reg_uram_1 has CASCADE_ORDER_B (NONE) set to FIRST or NONE, the CAS_IN_DIN_B[71:0] bus pins should be tied LOW.
Related violations: <none>

REQP-1869#70 Warning
URAM288_CASCADE_ORDER_FIRST-NONE_tie_CAS_IN_X_low  
URAM288 design_1_i/radix_sort_accelerat_0/inst/radix_sort_accelerator_v1_0_S00_AXIS_unit/input_stream_queue_unit/stream_in_queue_bram/ram_reg_uram_1 has CASCADE_ORDER_B (NONE) set to FIRST or NONE, the CAS_IN_DOUT_B[71:0] bus pins should be tied LOW.
Related violations: <none>

REQP-1869#71 Warning
URAM288_CASCADE_ORDER_FIRST-NONE_tie_CAS_IN_X_low  
URAM288 design_1_i/radix_sort_accelerat_0/inst/radix_sort_accelerator_v1_0_S00_AXIS_unit/input_stream_queue_unit/stream_in_queue_bram/ram_reg_uram_1 has CASCADE_ORDER_B (NONE) set to FIRST or NONE, the CAS_IN_RDACCESS_B pin should be tied LOW.
Related violations: <none>

REQP-1869#72 Warning
URAM288_CASCADE_ORDER_FIRST-NONE_tie_CAS_IN_X_low  
URAM288 design_1_i/radix_sort_accelerat_0/inst/radix_sort_accelerator_v1_0_S00_AXIS_unit/input_stream_queue_unit/stream_in_queue_bram/ram_reg_uram_1 has CASCADE_ORDER_B (NONE) set to FIRST or NONE, the CAS_IN_RDB_WR_B pin should be tied LOW.
Related violations: <none>

RTSTAT-10#1 Warning
No routable loads  
66 net(s) have no routable loads. The problem bus(es) and/or net(s) are design_1_i/ps8_0_axi_periph/s00_couplers/auto_ds/inst/gen_downsizer.gen_simple_downsizer.axi_downsizer_inst/USE_WRITE.write_addr_inst/cmd_queue/inst/fifo_gen_inst/inst_fifo_gen/gconvfifo.rf/grf.rf/gntv_or_sync_fifo.gl0.rd/gr1.gr1_int.rfwft/aempty_fwft_i,
design_1_i/radix_sort_accelerat_0_axi_periph/s01_couplers/auto_ds/inst/gen_downsizer.gen_simple_downsizer.axi_downsizer_inst/USE_WRITE.write_addr_inst/USE_B_CHANNEL.cmd_b_queue/inst/fifo_gen_inst/inst_fifo_gen/gconvfifo.rf/grf.rf/gntv_or_sync_fifo.gl0.rd/gr1.gr1_int.rfwft/aempty_fwft_i,
design_1_i/radix_sort_accelerat_0_axi_periph/s01_couplers/auto_ds/inst/gen_downsizer.gen_simple_downsizer.axi_downsizer_inst/USE_WRITE.write_addr_inst/cmd_queue/inst/fifo_gen_inst/inst_fifo_gen/gconvfifo.rf/grf.rf/gntv_or_sync_fifo.gl0.rd/gr1.gr1_int.rfwft/aempty_fwft_i,
design_1_i/ps8_0_axi_periph/s00_couplers/auto_ds/inst/gen_downsizer.gen_simple_downsizer.axi_downsizer_inst/USE_WRITE.write_addr_inst/USE_B_CHANNEL.cmd_b_queue/inst/fifo_gen_inst/inst_fifo_gen/gconvfifo.rf/grf.rf/gntv_or_sync_fifo.gl0.rd/gr1.gr1_int.rfwft/aempty_fwft_i,
design_1_i/ps8_0_axi_periph/s00_couplers/auto_ds/inst/gen_downsizer.gen_simple_downsizer.axi_downsizer_inst/USE_READ.read_addr_inst/cmd_queue/inst/fifo_gen_inst/inst_fifo_gen/gconvfifo.rf/grf.rf/gntv_or_sync_fifo.gl0.rd/gr1.gr1_int.rfwft/aempty_fwft_i,
design_1_i/radix_sort_accelerat_0_axi_periph/s01_couplers/auto_ds/inst/gen_downsizer.gen_simple_downsizer.axi_downsizer_inst/USE_READ.read_addr_inst/cmd_queue/inst/fifo_gen_inst/inst_fifo_gen/gconvfifo.rf/grf.rf/gntv_or_sync_fifo.gl0.rd/gr1.gr1_int.rfwft/aempty_fwft_i,
design_1_i/radix_sort_accelerat_0_axi_periph/s01_couplers/auto_ds/inst/gen_downsizer.gen_simple_downsizer.axi_downsizer_inst/USE_WRITE.write_addr_inst/USE_B_CHANNEL.cmd_b_queue/inst/fifo_gen_inst/inst_fifo_gen/gconvfifo.rf/grf.rf/gntv_or_sync_fifo.gl0.wr/gwss.wsts/ram_afull_fb,
design_1_i/ps8_0_axi_periph/s00_couplers/auto_ds/inst/gen_downsizer.gen_simple_downsizer.axi_downsizer_inst/USE_READ.read_addr_inst/cmd_queue/inst/fifo_gen_inst/inst_fifo_gen/gconvfifo.rf/grf.rf/gntv_or_sync_fifo.gl0.wr/gwss.wsts/ram_afull_fb,
design_1_i/ps8_0_axi_periph/s00_couplers/auto_ds/inst/gen_downsizer.gen_simple_downsizer.axi_downsizer_inst/USE_WRITE.write_addr_inst/USE_B_CHANNEL.cmd_b_queue/inst/fifo_gen_inst/inst_fifo_gen/gconvfifo.rf/grf.rf/gntv_or_sync_fifo.gl0.wr/gwss.wsts/ram_afull_fb,
design_1_i/radix_sort_accelerat_0_axi_periph/s01_couplers/auto_ds/inst/gen_downsizer.gen_simple_downsizer.axi_downsizer_inst/USE_READ.read_addr_inst/cmd_queue/inst/fifo_gen_inst/inst_fifo_gen/gconvfifo.rf/grf.rf/gntv_or_sync_fifo.gl0.wr/gwss.wsts/ram_afull_fb,
design_1_i/radix_sort_accelerat_0_axi_periph/s01_couplers/auto_ds/inst/gen_downsizer.gen_simple_downsizer.axi_downsizer_inst/USE_WRITE.write_addr_inst/cmd_queue/inst/fifo_gen_inst/inst_fifo_gen/gconvfifo.rf/grf.rf/gntv_or_sync_fifo.gl0.wr/gwss.wsts/ram_afull_fb,
design_1_i/ps8_0_axi_periph/s00_couplers/auto_ds/inst/gen_downsizer.gen_simple_downsizer.axi_downsizer_inst/USE_WRITE.write_addr_inst/cmd_queue/inst/fifo_gen_inst/inst_fifo_gen/gconvfifo.rf/grf.rf/gntv_or_sync_fifo.gl0.wr/gwss.wsts/ram_afull_fb,
design_1_i/radix_sort_accelerat_0_axi_periph/s01_couplers/auto_ds/inst/gen_downsizer.gen_simple_downsizer.axi_downsizer_inst/USE_READ.read_addr_inst/cmd_queue/inst/fifo_gen_inst/inst_fifo_gen/gconvfifo.rf/grf.rf/gntv_or_sync_fifo.gl0.wr/gwss.wsts/ram_afull_i,
design_1_i/ps8_0_axi_periph/s00_couplers/auto_ds/inst/gen_downsizer.gen_simple_downsizer.axi_downsizer_inst/USE_READ.read_addr_inst/cmd_queue/inst/fifo_gen_inst/inst_fifo_gen/gconvfifo.rf/grf.rf/gntv_or_sync_fifo.gl0.wr/gwss.wsts/ram_afull_i,
design_1_i/ps8_0_axi_periph/s00_couplers/auto_ds/inst/gen_downsizer.gen_simple_downsizer.axi_downsizer_inst/USE_WRITE.write_addr_inst/USE_B_CHANNEL.cmd_b_queue/inst/fifo_gen_inst/inst_fifo_gen/gconvfifo.rf/grf.rf/gntv_or_sync_fifo.gl0.wr/gwss.wsts/ram_afull_i (the first 15 of 42 listed).
Related violations: <none>

REQP-1934#1 Advisory
RAMB18E2_nochange_collision_advisory  
Synchronous clocking is detected for BRAM (design_1_i/axi_dma_0/U0/I_PRMRY_DATAMOVER/GEN_MM2S_FULL.I_MM2S_FULL_WRAPPER/GEN_INCLUDE_MM2S_SF.I_RD_SF/I_DATA_FIFO/BLK_MEM.I_SYNC_FIFOGEN_FIFO/xpm_fifo_instance.xpm_fifo_sync_inst/xpm_fifo_base_inst/gen_sdpram.xpm_memory_base_inst/gen_wr_a.gen_word_narrow.mem_reg_2) in SDP mode with NO_CHANGE write-mode. This is the preferred mode for best power characteristics. However, NO_CHANGE may exhibit address collisions if the same address appears on both read and write ports resulting in unknown or corrupted read data. It is suggested to confirm via simulation that an address collision never occurs and if so it is suggested to try and avoid this situation. If address collisions cannot be avoided, the write-mode may be set to READ_FIRST which guarantees that the read data is the prior contents of the memory at the cost of additional power in the design. See the FPGA Memory Resources User Guide for additional information.
Related violations: <none>

REQP-1934#2 Advisory
RAMB18E2_nochange_collision_advisory  
Synchronous clocking is detected for BRAM (design_1_i/axi_dma_0/U0/I_PRMRY_DATAMOVER/GEN_S2MM_FULL.I_S2MM_FULL_WRAPPER/GEN_ENABLE_INDET_BTT_SF.I_INDET_BTT/I_DATA_FIFO/BLK_MEM.I_SYNC_FIFOGEN_FIFO/xpm_fifo_instance.xpm_fifo_sync_inst/xpm_fifo_base_inst/gen_sdpram.xpm_memory_base_inst/gen_wr_a.gen_word_narrow.mem_reg_2) in SDP mode with NO_CHANGE write-mode. This is the preferred mode for best power characteristics. However, NO_CHANGE may exhibit address collisions if the same address appears on both read and write ports resulting in unknown or corrupted read data. It is suggested to confirm via simulation that an address collision never occurs and if so it is suggested to try and avoid this situation. If address collisions cannot be avoided, the write-mode may be set to READ_FIRST which guarantees that the read data is the prior contents of the memory at the cost of additional power in the design. See the FPGA Memory Resources User Guide for additional information.
Related violations: <none>

REQP-1935#1 Advisory
RAMB36E2_nochange_collision_advisory  
Synchronous clocking is detected for BRAM (design_1_i/axi_dma_0/U0/I_PRMRY_DATAMOVER/GEN_MM2S_FULL.I_MM2S_FULL_WRAPPER/GEN_INCLUDE_MM2S_SF.I_RD_SF/I_DATA_FIFO/BLK_MEM.I_SYNC_FIFOGEN_FIFO/xpm_fifo_instance.xpm_fifo_sync_inst/xpm_fifo_base_inst/gen_sdpram.xpm_memory_base_inst/gen_wr_a.gen_word_narrow.mem_reg_0) in SDP mode with NO_CHANGE write-mode. This is the preferred mode for best power characteristics. However, NO_CHANGE may exhibit address collisions if the same address appears on both read and write ports resulting in unknown or corrupted read data. It is suggested to confirm via simulation that an address collision never occurs and if so it is suggested to try and avoid this situation. If address collisions cannot be avoided, the write-mode may be set to READ_FIRST which guarantees that the read data is the prior contents of the memory at the cost of additional power in the design. See the FPGA Memory Resources User Guide for additional information.
Related violations: <none>

REQP-1935#2 Advisory
RAMB36E2_nochange_collision_advisory  
Synchronous clocking is detected for BRAM (design_1_i/axi_dma_0/U0/I_PRMRY_DATAMOVER/GEN_MM2S_FULL.I_MM2S_FULL_WRAPPER/GEN_INCLUDE_MM2S_SF.I_RD_SF/I_DATA_FIFO/BLK_MEM.I_SYNC_FIFOGEN_FIFO/xpm_fifo_instance.xpm_fifo_sync_inst/xpm_fifo_base_inst/gen_sdpram.xpm_memory_base_inst/gen_wr_a.gen_word_narrow.mem_reg_1) in SDP mode with NO_CHANGE write-mode. This is the preferred mode for best power characteristics. However, NO_CHANGE may exhibit address collisions if the same address appears on both read and write ports resulting in unknown or corrupted read data. It is suggested to confirm via simulation that an address collision never occurs and if so it is suggested to try and avoid this situation. If address collisions cannot be avoided, the write-mode may be set to READ_FIRST which guarantees that the read data is the prior contents of the memory at the cost of additional power in the design. See the FPGA Memory Resources User Guide for additional information.
Related violations: <none>

REQP-1935#3 Advisory
RAMB36E2_nochange_collision_advisory  
Synchronous clocking is detected for BRAM (design_1_i/axi_dma_0/U0/I_PRMRY_DATAMOVER/GEN_S2MM_FULL.I_S2MM_FULL_WRAPPER/GEN_ENABLE_INDET_BTT_SF.I_INDET_BTT/I_DATA_FIFO/BLK_MEM.I_SYNC_FIFOGEN_FIFO/xpm_fifo_instance.xpm_fifo_sync_inst/xpm_fifo_base_inst/gen_sdpram.xpm_memory_base_inst/gen_wr_a.gen_word_narrow.mem_reg_0) in SDP mode with NO_CHANGE write-mode. This is the preferred mode for best power characteristics. However, NO_CHANGE may exhibit address collisions if the same address appears on both read and write ports resulting in unknown or corrupted read data. It is suggested to confirm via simulation that an address collision never occurs and if so it is suggested to try and avoid this situation. If address collisions cannot be avoided, the write-mode may be set to READ_FIRST which guarantees that the read data is the prior contents of the memory at the cost of additional power in the design. See the FPGA Memory Resources User Guide for additional information.
Related violations: <none>

REQP-1935#4 Advisory
RAMB36E2_nochange_collision_advisory  
Synchronous clocking is detected for BRAM (design_1_i/axi_dma_0/U0/I_PRMRY_DATAMOVER/GEN_S2MM_FULL.I_S2MM_FULL_WRAPPER/GEN_ENABLE_INDET_BTT_SF.I_INDET_BTT/I_DATA_FIFO/BLK_MEM.I_SYNC_FIFOGEN_FIFO/xpm_fifo_instance.xpm_fifo_sync_inst/xpm_fifo_base_inst/gen_sdpram.xpm_memory_base_inst/gen_wr_a.gen_word_narrow.mem_reg_1) in SDP mode with NO_CHANGE write-mode. This is the preferred mode for best power characteristics. However, NO_CHANGE may exhibit address collisions if the same address appears on both read and write ports resulting in unknown or corrupted read data. It is suggested to confirm via simulation that an address collision never occurs and if so it is suggested to try and avoid this situation. If address collisions cannot be avoided, the write-mode may be set to READ_FIRST which guarantees that the read data is the prior contents of the memory at the cost of additional power in the design. See the FPGA Memory Resources User Guide for additional information.
Related violations: <none>


